{
  "stats": {
    "suites": 1,
    "tests": 1,
    "passes": 1,
    "pending": 0,
    "failures": 0,
    "start": "2025-04-09T23:42:40.287Z",
    "end": "2025-04-09T23:43:14.501Z",
    "duration": 34214,
    "testsRegistered": 1,
    "passPercent": 100,
    "pendingPercent": 0,
    "other": 0,
    "hasOther": false,
    "skipped": 0,
    "hasSkipped": false
  },
  "results": [
    {
      "uuid": "440d40c6-17b4-4255-ab02-9907109abfbb",
      "title": "",
      "fullFile": "cypress\\e2e\\firstTest.cy.js",
      "file": "cypress\\e2e\\firstTest.cy.js",
      "beforeHooks": [],
      "afterHooks": [],
      "tests": [],
      "suites": [
        {
          "uuid": "ff401a31-16c2-4d09-b31a-4a8f067c6734",
          "title": "Second Test Suite",
          "fullFile": "",
          "file": "",
          "beforeHooks": [],
          "afterHooks": [],
          "tests": [
            {
              "title": "Buy iPhone with custom plan",
              "fullTitle": "Second Test Suite Buy iPhone with custom plan",
              "timedOut": null,
              "duration": 29229,
              "state": "passed",
              "speed": "slow",
              "pass": true,
              "fail": false,
              "pending": false,
              "context": "{\n  \"title\": \"cypress-mochawesome-reporter-screenshots\",\n  \"value\": [\n    [\n      \"\\\\firstTest.cy.js\\\\Buy iPhone with custom plan.png\"\n    ]\n  ]\n}",
              "code": "const phone = \"iPhone 15 Pro Max\";\nconst color = \"Natural Titanium\";\nconst capacity = \"1TB\";\ncy.visit('http://www.o2.co.uk/');\n_HomePage.default.acceptCookies();\n_HomePage.default.hoverShopLink();\n_HomePage.default.clickPhonesLink();\n_ShopPage.default.searchPhone(phone);\ncy.wait(2000); // can be optimized with better waits\n_PhoneDetailsPage.default.verifyPhoneTitle(phone);\n_PhoneDetailsPage.default.selectColor(color);\ncy.wait(2000);\n_PhoneDetailsPage.default.scrollToTitle();\n_PhoneDetailsPage.default.selectCapacity(capacity);\n_PhoneDetailsPage.default.clickCustomizePlan();\n_PhoneDetailsPage.default.chooseFullPayment();\n_PhoneDetailsPage.default.selectUnlimitedData();\n_PhoneDetailsPage.default.confirmPlan();",
              "err": {},
              "uuid": "a2d3e72f-8b42-4a32-905e-926837167b13",
              "parentUUID": "ff401a31-16c2-4d09-b31a-4a8f067c6734",
              "isHook": false,
              "skipped": false
            }
          ],
          "suites": [],
          "passes": [
            "a2d3e72f-8b42-4a32-905e-926837167b13"
          ],
          "failures": [],
          "pending": [],
          "skipped": [],
          "duration": 29229,
          "root": false,
          "rootEmpty": false,
          "_timeout": 2000
        }
      ],
      "passes": [],
      "failures": [],
      "pending": [],
      "skipped": [],
      "duration": 0,
      "root": true,
      "rootEmpty": true,
      "_timeout": 2000
    }
  ],
  "meta": {
    "mocha": {
      "version": "7.0.1"
    },
    "mochawesome": {
      "options": {
        "quiet": false,
        "reportFilename": "mochawesome",
        "saveHtml": false,
        "saveJson": true,
        "consoleReporter": "spec",
        "useInlineDiffs": false,
        "code": true
      },
      "version": "7.1.3"
    },
    "marge": {
      "options": {
        "reportDir": "cypress\\reports\\mochawesome\\.jsons",
        "overwrite": false,
        "html": false,
        "json": true
      },
      "version": "6.2.0"
    }
  }
}