{
  "stats": {
    "suites": 3,
    "tests": 4,
    "passes": 4,
    "pending": 0,
    "failures": 0,
    "testsRegistered": 4,
    "passPercent": 100,
    "pendingPercent": 0,
    "other": 0,
    "hasOther": false,
    "skipped": 0,
    "hasSkipped": false,
    "start": "2025-04-07T04:41:25.618Z",
    "end": "2025-04-07T04:47:19.505Z",
    "duration": 353887
  },
  "results": [
    {
      "uuid": "519d7052-4b82-474f-a7d4-407f11b57276",
      "title": "",
      "fullFile": "cypress\\e2e\\o2.cy.js",
      "file": "cypress\\e2e\\o2.cy.js",
      "beforeHooks": [],
      "afterHooks": [],
      "tests": [],
      "suites": [
        {
          "uuid": "5a50b6b3-a60d-404d-b8b9-64020fc85889",
          "title": "Second Test Suite",
          "fullFile": "",
          "file": "",
          "beforeHooks": [],
          "afterHooks": [],
          "tests": [
            {
              "title": "Second Test",
              "fullTitle": "Second Test Suite Second Test",
              "timedOut": null,
              "duration": 17106,
              "state": "passed",
              "speed": "slow",
              "pass": true,
              "fail": false,
              "pending": false,
              "context": "{\n  \"title\": \"cypress-mochawesome-reporter-screenshots\",\n  \"value\": [\n    [\n      \"\\\\o2.cy.js\\\\Second Test.png\"\n    ]\n  ]\n}",
              "code": "cy.visit('http://www.o2.co.uk/');\ncy.xpath(\"//div[@id='onetrust-button-group-parent']/div/button[text()='Accept all cookies']\").should('be.visible').click();\ncy.xpath(\"//button[@aria-label='Close modal']\").should('be.visible').click();\ncy.xpath(\"//a[@href='https://www.o2.co.uk/shop']\").realHover();\ncy.xpath(\"//a[@href='https://www.o2.co.uk/shop/phones' and @data-testid='header']\").should('be.visible').click();\nlet phone = \"iPhone 14 Pro Max\";\ncy.xpath(\"//label[text()=' Search phones ']/following-sibling::input\").type(`${phone}`);\ncy.xpath(`//div[contains(@class,'secondary-search')]/strong[contains(text(),'${phone}')]`).click();\ncy.wait(2000);",
              "err": {},
              "uuid": "d7d48368-f91f-43cf-9d77-5eb724ac2fe2",
              "parentUUID": "5a50b6b3-a60d-404d-b8b9-64020fc85889",
              "isHook": false,
              "skipped": false
            }
          ],
          "suites": [],
          "passes": [
            "d7d48368-f91f-43cf-9d77-5eb724ac2fe2"
          ],
          "failures": [],
          "pending": [],
          "skipped": [],
          "duration": 17106,
          "root": false,
          "rootEmpty": false,
          "_timeout": 2000
        }
      ],
      "passes": [],
      "failures": [],
      "pending": [],
      "skipped": [],
      "duration": 0,
      "root": true,
      "rootEmpty": true,
      "_timeout": 2000
    },
    {
      "uuid": "4113e1eb-5d3c-4e93-9e1e-7483c205d1a2",
      "title": "",
      "fullFile": "cypress\\e2e\\firstTest.cy.js",
      "file": "cypress\\e2e\\firstTest.cy.js",
      "beforeHooks": [],
      "afterHooks": [],
      "tests": [],
      "suites": [
        {
          "uuid": "0e908afd-1bb2-4f64-80b2-e683bd1059a7",
          "title": "First Test Suite",
          "fullFile": "",
          "file": "",
          "beforeHooks": [],
          "afterHooks": [],
          "tests": [
            {
              "title": "first Test",
              "fullTitle": "First Test Suite first Test",
              "timedOut": null,
              "duration": 4720,
              "state": "passed",
              "speed": "fast",
              "pass": true,
              "fail": false,
              "pending": false,
              "context": "{\n  \"title\": \"cypress-mochawesome-reporter-screenshots\",\n  \"value\": [\n    [\n      \"\\\\firstTest.cy.js\\\\first Test.png\"\n    ]\n  ]\n}",
              "code": "cy.visit('http://www.automationpractice.pl/index.php');\ncy.url().should('include', 'automationpractice').and('eq', 'http://www.automationpractice.pl/index.php').and('not.include', 'automationpractice1');\n// cy.get(\"#search_query_top\").type(\"tops{enter}\");\ncy.get(\"#search_query_top\").should('be.visible');\ncy.xpath(\"//input[@id='search_query_top']\").type(\"tops{enter}\");\n// cy.xpath(\"//a\").should(\"have.length\", 7);\ncy.xpath(\"//input[@id='search_query_top']\").should('have.value', 'tops');",
              "err": {},
              "uuid": "8e74fa78-7adb-4dee-8079-2e4e3888a9c2",
              "parentUUID": "0e908afd-1bb2-4f64-80b2-e683bd1059a7",
              "isHook": false,
              "skipped": false
            },
            {
              "title": "Second Test",
              "fullTitle": "First Test Suite Second Test",
              "timedOut": null,
              "duration": 1506,
              "state": "passed",
              "speed": "fast",
              "pass": true,
              "fail": false,
              "pending": false,
              "context": "{\n  \"title\": \"cypress-mochawesome-reporter-screenshots\",\n  \"value\": [\n    [\n      \"\\\\firstTest.cy.js\\\\Second Test.png\"\n    ]\n  ]\n}",
              "code": "cy.visit('http://www.automationpractice.pl/index.php');\nlet txt = \"My orders\";\ncy.xpath(\"//a[@title='My orders']\").then(x => {\n  const txt = x.text();\n  cy.log(txt);\n  // expect(txt).to.equal(\"My orders\");\n  assert.equal(txt, \"My orders\", \"Text is equal\");\n});\ncy.get(\"a[title='My orders']\").click();",
              "err": {},
              "uuid": "57daef3e-996d-40ad-b141-55903a0d8a2c",
              "parentUUID": "0e908afd-1bb2-4f64-80b2-e683bd1059a7",
              "isHook": false,
              "skipped": false
            }
          ],
          "suites": [],
          "passes": [
            "8e74fa78-7adb-4dee-8079-2e4e3888a9c2",
            "57daef3e-996d-40ad-b141-55903a0d8a2c"
          ],
          "failures": [],
          "pending": [],
          "skipped": [],
          "duration": 6226,
          "root": false,
          "rootEmpty": false,
          "_timeout": 2000
        }
      ],
      "passes": [],
      "failures": [],
      "pending": [],
      "skipped": [],
      "duration": 0,
      "root": true,
      "rootEmpty": true,
      "_timeout": 2000
    },
    {
      "uuid": "e49bd0a6-9b80-4c93-b03f-df29dda67163",
      "title": "",
      "fullFile": "cypress\\e2e\\o2.cy.js",
      "file": "cypress\\e2e\\o2.cy.js",
      "beforeHooks": [],
      "afterHooks": [],
      "tests": [],
      "suites": [
        {
          "uuid": "75fbd99a-cef5-40ab-b2b7-814fd305b6c0",
          "title": "Second Test Suite",
          "fullFile": "",
          "file": "",
          "beforeHooks": [],
          "afterHooks": [],
          "tests": [
            {
              "title": "Second Test",
              "fullTitle": "Second Test Suite Second Test",
              "timedOut": null,
              "duration": 17281,
              "state": "passed",
              "speed": "slow",
              "pass": true,
              "fail": false,
              "pending": false,
              "context": "{\n  \"title\": \"cypress-mochawesome-reporter-screenshots\",\n  \"value\": [\n    [\n      \"\\\\o2.cy.js\\\\Second Test.png\"\n    ]\n  ]\n}",
              "code": "cy.visit('http://www.o2.co.uk/');\ncy.xpath(\"//div[@id='onetrust-button-group-parent']/div/button[text()='Accept all cookies']\").should('be.visible').click();\ncy.xpath(\"//button[@aria-label='Close modal']\").should('be.visible').click();\ncy.xpath(\"//a[@href='https://www.o2.co.uk/shop']\").realHover();\ncy.xpath(\"//a[@href='https://www.o2.co.uk/shop/phones' and @data-testid='header']\").should('be.visible').click();\nlet phone = \"iPhone 14 Pro Max\";\ncy.xpath(\"//label[text()=' Search phones ']/following-sibling::input\").type(`${phone}`);\ncy.xpath(`//div[contains(@class,'secondary-search')]/strong[contains(text(),'${phone}')]`).click();\ncy.wait(2000);",
              "err": {},
              "uuid": "1d9506a7-229a-4998-8789-1cda4fc397bd",
              "parentUUID": "75fbd99a-cef5-40ab-b2b7-814fd305b6c0",
              "isHook": false,
              "skipped": false
            }
          ],
          "suites": [],
          "passes": [
            "1d9506a7-229a-4998-8789-1cda4fc397bd"
          ],
          "failures": [],
          "pending": [],
          "skipped": [],
          "duration": 17281,
          "root": false,
          "rootEmpty": false,
          "_timeout": 2000
        }
      ],
      "passes": [],
      "failures": [],
      "pending": [],
      "skipped": [],
      "duration": 0,
      "root": true,
      "rootEmpty": true,
      "_timeout": 2000
    }
  ],
  "meta": {
    "mocha": {
      "version": "7.0.1"
    },
    "mochawesome": {
      "options": {
        "quiet": false,
        "reportFilename": "mochawesome",
        "saveHtml": false,
        "saveJson": true,
        "consoleReporter": "spec",
        "useInlineDiffs": false,
        "code": true
      },
      "version": "7.1.3"
    },
    "marge": {
      "options": {
        "reportDir": "cypress/reports/mochawesome",
        "overwrite": false,
        "html": false,
        "json": true
      },
      "version": "6.2.0"
    }
  }
}