{
  "stats": {
    "suites": 1,
    "tests": 1,
    "passes": 1,
    "pending": 0,
    "failures": 0,
    "start": "2025-04-07T04:41:25.618Z",
    "end": "2025-04-07T04:41:52.267Z",
    "duration": 26649,
    "testsRegistered": 1,
    "passPercent": 100,
    "pendingPercent": 0,
    "other": 0,
    "hasOther": false,
    "skipped": 0,
    "hasSkipped": false
  },
  "results": [
    {
      "uuid": "519d7052-4b82-474f-a7d4-407f11b57276",
      "title": "",
      "fullFile": "cypress\\e2e\\o2.cy.js",
      "file": "cypress\\e2e\\o2.cy.js",
      "beforeHooks": [],
      "afterHooks": [],
      "tests": [],
      "suites": [
        {
          "uuid": "5a50b6b3-a60d-404d-b8b9-64020fc85889",
          "title": "Second Test Suite",
          "fullFile": "",
          "file": "",
          "beforeHooks": [],
          "afterHooks": [],
          "tests": [
            {
              "title": "Second Test",
              "fullTitle": "Second Test Suite Second Test",
              "timedOut": null,
              "duration": 17106,
              "state": "passed",
              "speed": "slow",
              "pass": true,
              "fail": false,
              "pending": false,
              "context": "{\n  \"title\": \"cypress-mochawesome-reporter-screenshots\",\n  \"value\": [\n    [\n      \"\\\\o2.cy.js\\\\Second Test.png\"\n    ]\n  ]\n}",
              "code": "cy.visit('http://www.o2.co.uk/');\ncy.xpath(\"//div[@id='onetrust-button-group-parent']/div/button[text()='Accept all cookies']\").should('be.visible').click();\ncy.xpath(\"//button[@aria-label='Close modal']\").should('be.visible').click();\ncy.xpath(\"//a[@href='https://www.o2.co.uk/shop']\").realHover();\ncy.xpath(\"//a[@href='https://www.o2.co.uk/shop/phones' and @data-testid='header']\").should('be.visible').click();\nlet phone = \"iPhone 14 Pro Max\";\ncy.xpath(\"//label[text()=' Search phones ']/following-sibling::input\").type(`${phone}`);\ncy.xpath(`//div[contains(@class,'secondary-search')]/strong[contains(text(),'${phone}')]`).click();\ncy.wait(2000);",
              "err": {},
              "uuid": "d7d48368-f91f-43cf-9d77-5eb724ac2fe2",
              "parentUUID": "5a50b6b3-a60d-404d-b8b9-64020fc85889",
              "isHook": false,
              "skipped": false
            }
          ],
          "suites": [],
          "passes": [
            "d7d48368-f91f-43cf-9d77-5eb724ac2fe2"
          ],
          "failures": [],
          "pending": [],
          "skipped": [],
          "duration": 17106,
          "root": false,
          "rootEmpty": false,
          "_timeout": 2000
        }
      ],
      "passes": [],
      "failures": [],
      "pending": [],
      "skipped": [],
      "duration": 0,
      "root": true,
      "rootEmpty": true,
      "_timeout": 2000
    }
  ],
  "meta": {
    "mocha": {
      "version": "7.0.1"
    },
    "mochawesome": {
      "options": {
        "quiet": false,
        "reportFilename": "mochawesome",
        "saveHtml": false,
        "saveJson": true,
        "consoleReporter": "spec",
        "useInlineDiffs": false,
        "code": true
      },
      "version": "7.1.3"
    },
    "marge": {
      "options": {
        "reportDir": "cypress/reports/mochawesome",
        "overwrite": false,
        "html": false,
        "json": true
      },
      "version": "6.2.0"
    }
  }
}