{
  "stats": {
    "suites": 1,
    "tests": 1,
    "passes": 1,
    "pending": 0,
    "failures": 0,
    "start": "2025-04-07T04:46:58.082Z",
    "end": "2025-04-07T04:47:19.505Z",
    "duration": 21423,
    "testsRegistered": 1,
    "passPercent": 100,
    "pendingPercent": 0,
    "other": 0,
    "hasOther": false,
    "skipped": 0,
    "hasSkipped": false
  },
  "results": [
    {
      "uuid": "e49bd0a6-9b80-4c93-b03f-df29dda67163",
      "title": "",
      "fullFile": "cypress\\e2e\\o2.cy.js",
      "file": "cypress\\e2e\\o2.cy.js",
      "beforeHooks": [],
      "afterHooks": [],
      "tests": [],
      "suites": [
        {
          "uuid": "75fbd99a-cef5-40ab-b2b7-814fd305b6c0",
          "title": "Second Test Suite",
          "fullFile": "",
          "file": "",
          "beforeHooks": [],
          "afterHooks": [],
          "tests": [
            {
              "title": "Second Test",
              "fullTitle": "Second Test Suite Second Test",
              "timedOut": null,
              "duration": 17281,
              "state": "passed",
              "speed": "slow",
              "pass": true,
              "fail": false,
              "pending": false,
              "context": "{\n  \"title\": \"cypress-mochawesome-reporter-screenshots\",\n  \"value\": [\n    [\n      \"\\\\o2.cy.js\\\\Second Test.png\"\n    ]\n  ]\n}",
              "code": "cy.visit('http://www.o2.co.uk/');\ncy.xpath(\"//div[@id='onetrust-button-group-parent']/div/button[text()='Accept all cookies']\").should('be.visible').click();\ncy.xpath(\"//button[@aria-label='Close modal']\").should('be.visible').click();\ncy.xpath(\"//a[@href='https://www.o2.co.uk/shop']\").realHover();\ncy.xpath(\"//a[@href='https://www.o2.co.uk/shop/phones' and @data-testid='header']\").should('be.visible').click();\nlet phone = \"iPhone 14 Pro Max\";\ncy.xpath(\"//label[text()=' Search phones ']/following-sibling::input\").type(`${phone}`);\ncy.xpath(`//div[contains(@class,'secondary-search')]/strong[contains(text(),'${phone}')]`).click();\ncy.wait(2000);",
              "err": {},
              "uuid": "1d9506a7-229a-4998-8789-1cda4fc397bd",
              "parentUUID": "75fbd99a-cef5-40ab-b2b7-814fd305b6c0",
              "isHook": false,
              "skipped": false
            }
          ],
          "suites": [],
          "passes": [
            "1d9506a7-229a-4998-8789-1cda4fc397bd"
          ],
          "failures": [],
          "pending": [],
          "skipped": [],
          "duration": 17281,
          "root": false,
          "rootEmpty": false,
          "_timeout": 2000
        }
      ],
      "passes": [],
      "failures": [],
      "pending": [],
      "skipped": [],
      "duration": 0,
      "root": true,
      "rootEmpty": true,
      "_timeout": 2000
    }
  ],
  "meta": {
    "mocha": {
      "version": "7.0.1"
    },
    "mochawesome": {
      "options": {
        "quiet": false,
        "reportFilename": "mochawesome",
        "saveHtml": false,
        "saveJson": true,
        "consoleReporter": "spec",
        "useInlineDiffs": false,
        "code": true
      },
      "version": "7.1.3"
    },
    "marge": {
      "options": {
        "reportDir": "cypress/reports/mochawesome",
        "overwrite": false,
        "html": false,
        "json": true
      },
      "version": "6.2.0"
    }
  }
}