{
  "stats": {
    "suites": 1,
    "tests": 2,
    "passes": 2,
    "pending": 0,
    "failures": 0,
    "start": "2025-04-07T04:46:45.842Z",
    "end": "2025-04-07T04:46:56.067Z",
    "duration": 10225,
    "testsRegistered": 2,
    "passPercent": 100,
    "pendingPercent": 0,
    "other": 0,
    "hasOther": false,
    "skipped": 0,
    "hasSkipped": false
  },
  "results": [
    {
      "uuid": "4113e1eb-5d3c-4e93-9e1e-7483c205d1a2",
      "title": "",
      "fullFile": "cypress\\e2e\\firstTest.cy.js",
      "file": "cypress\\e2e\\firstTest.cy.js",
      "beforeHooks": [],
      "afterHooks": [],
      "tests": [],
      "suites": [
        {
          "uuid": "0e908afd-1bb2-4f64-80b2-e683bd1059a7",
          "title": "First Test Suite",
          "fullFile": "",
          "file": "",
          "beforeHooks": [],
          "afterHooks": [],
          "tests": [
            {
              "title": "first Test",
              "fullTitle": "First Test Suite first Test",
              "timedOut": null,
              "duration": 4720,
              "state": "passed",
              "speed": "fast",
              "pass": true,
              "fail": false,
              "pending": false,
              "context": "{\n  \"title\": \"cypress-mochawesome-reporter-screenshots\",\n  \"value\": [\n    [\n      \"\\\\firstTest.cy.js\\\\first Test.png\"\n    ]\n  ]\n}",
              "code": "cy.visit('http://www.automationpractice.pl/index.php');\ncy.url().should('include', 'automationpractice').and('eq', 'http://www.automationpractice.pl/index.php').and('not.include', 'automationpractice1');\n// cy.get(\"#search_query_top\").type(\"tops{enter}\");\ncy.get(\"#search_query_top\").should('be.visible');\ncy.xpath(\"//input[@id='search_query_top']\").type(\"tops{enter}\");\n// cy.xpath(\"//a\").should(\"have.length\", 7);\ncy.xpath(\"//input[@id='search_query_top']\").should('have.value', 'tops');",
              "err": {},
              "uuid": "8e74fa78-7adb-4dee-8079-2e4e3888a9c2",
              "parentUUID": "0e908afd-1bb2-4f64-80b2-e683bd1059a7",
              "isHook": false,
              "skipped": false
            },
            {
              "title": "Second Test",
              "fullTitle": "First Test Suite Second Test",
              "timedOut": null,
              "duration": 1506,
              "state": "passed",
              "speed": "fast",
              "pass": true,
              "fail": false,
              "pending": false,
              "context": "{\n  \"title\": \"cypress-mochawesome-reporter-screenshots\",\n  \"value\": [\n    [\n      \"\\\\firstTest.cy.js\\\\Second Test.png\"\n    ]\n  ]\n}",
              "code": "cy.visit('http://www.automationpractice.pl/index.php');\nlet txt = \"My orders\";\ncy.xpath(\"//a[@title='My orders']\").then(x => {\n  const txt = x.text();\n  cy.log(txt);\n  // expect(txt).to.equal(\"My orders\");\n  assert.equal(txt, \"My orders\", \"Text is equal\");\n});\ncy.get(\"a[title='My orders']\").click();",
              "err": {},
              "uuid": "57daef3e-996d-40ad-b141-55903a0d8a2c",
              "parentUUID": "0e908afd-1bb2-4f64-80b2-e683bd1059a7",
              "isHook": false,
              "skipped": false
            }
          ],
          "suites": [],
          "passes": [
            "8e74fa78-7adb-4dee-8079-2e4e3888a9c2",
            "57daef3e-996d-40ad-b141-55903a0d8a2c"
          ],
          "failures": [],
          "pending": [],
          "skipped": [],
          "duration": 6226,
          "root": false,
          "rootEmpty": false,
          "_timeout": 2000
        }
      ],
      "passes": [],
      "failures": [],
      "pending": [],
      "skipped": [],
      "duration": 0,
      "root": true,
      "rootEmpty": true,
      "_timeout": 2000
    }
  ],
  "meta": {
    "mocha": {
      "version": "7.0.1"
    },
    "mochawesome": {
      "options": {
        "quiet": false,
        "reportFilename": "mochawesome",
        "saveHtml": false,
        "saveJson": true,
        "consoleReporter": "spec",
        "useInlineDiffs": false,
        "code": true
      },
      "version": "7.1.3"
    },
    "marge": {
      "options": {
        "reportDir": "cypress/reports/mochawesome",
        "overwrite": false,
        "html": false,
        "json": true
      },
      "version": "6.2.0"
    }
  }
}